Analysis & Synthesis report for quadra_top
Mon Apr  7 02:39:46 2025
Quartus Prime Version 23.1std.0 Build 991 11/28/2023 SC Lite Edition


---------------------
; Table of Contents ;
---------------------
  1. Legal Notice
  2. Analysis & Synthesis Summary
  3. Analysis & Synthesis Settings
  4. Parallel Compilation
  5. Analysis & Synthesis Source Files Read
  6. Analysis & Synthesis Resource Usage Summary
  7. Analysis & Synthesis Resource Utilization by Entity
  8. Analysis & Synthesis RAM Summary
  9. Analysis & Synthesis DSP Block Usage Summary
 10. Registers Removed During Synthesis
 11. Removed Registers Triggering Further Register Optimizations
 12. General Register Statistics
 13. Registers Packed Into Inferred Megafunctions
 14. Source assignments for quadra:my_quadra|lut:lut_1|altsyncram:Ram0_rtl_0|altsyncram_0q61:auto_generated
 15. Source assignments for quadra:my_quadra|lut:lut_1|altsyncram:Ram1_rtl_0|altsyncram_1q61:auto_generated
 16. Source assignments for quadra:my_quadra|lut:lut_1|altsyncram:Ram2_rtl_0|altsyncram_2q61:auto_generated
 17. Parameter Settings for Inferred Entity Instance: quadra:my_quadra|lut:lut_1|altsyncram:Ram0_rtl_0
 18. Parameter Settings for Inferred Entity Instance: quadra:my_quadra|lut:lut_1|altsyncram:Ram1_rtl_0
 19. Parameter Settings for Inferred Entity Instance: quadra:my_quadra|lut:lut_1|altsyncram:Ram2_rtl_0
 20. Parameter Settings for Inferred Entity Instance: quadra:my_quadra|lpm_mult:Mult1
 21. Parameter Settings for Inferred Entity Instance: quadra:my_quadra|lpm_mult:Mult0
 22. Parameter Settings for Inferred Entity Instance: quadra:my_quadra|square:square_1|lpm_mult:Mult0
 23. altsyncram Parameter Settings by Entity Instance
 24. lpm_mult Parameter Settings by Entity Instance
 25. Port Connectivity Checks: "quadra:my_quadra|lut:lut_1"
 26. Post-Synthesis Netlist Statistics for Top Partition
 27. Elapsed Time Per Partition
 28. Analysis & Synthesis Messages



----------------
; Legal Notice ;
----------------
Copyright (C) 2023  Intel Corporation. All rights reserved.
Your use of Intel Corporation's design tools, logic functions 
and other software and tools, and any partner logic 
functions, and any output files from any of the foregoing 
(including device programming or simulation files), and any 
associated documentation or information are expressly subject 
to the terms and conditions of the Intel Program License 
Subscription Agreement, the Intel Quartus Prime License Agreement,
the Intel FPGA IP License Agreement, or other applicable license
agreement, including, without limitation, that your use is for
the sole purpose of programming logic devices manufactured by
Intel and sold by Intel or its authorized distributors.  Please
refer to the applicable agreement for further details, at
https://fpgasoftware.intel.com/eula.



+-------------------------------------------------------------------------------------+
; Analysis & Synthesis Summary                                                        ;
+------------------------------------+------------------------------------------------+
; Analysis & Synthesis Status        ; Successful - Mon Apr  7 02:39:46 2025          ;
; Quartus Prime Version              ; 23.1std.0 Build 991 11/28/2023 SC Lite Edition ;
; Revision Name                      ; quadra_top                                     ;
; Top-level Entity Name              ; quadra_top                                     ;
; Family                             ; Cyclone 10 LP                                  ;
; Total logic elements               ; 257                                            ;
;     Total combinational functions  ; 199                                            ;
;     Dedicated logic registers      ; 130                                            ;
; Total registers                    ; 130                                            ;
; Total pins                         ; 53                                             ;
; Total virtual pins                 ; 0                                              ;
; Total memory bits                  ; 11,904                                         ;
; Embedded Multiplier 9-bit elements ; 10                                             ;
; Total PLLs                         ; 0                                              ;
+------------------------------------+------------------------------------------------+


+------------------------------------------------------------------------------------------------------------+
; Analysis & Synthesis Settings                                                                              ;
+------------------------------------------------------------------+--------------------+--------------------+
; Option                                                           ; Setting            ; Default Value      ;
+------------------------------------------------------------------+--------------------+--------------------+
; Device                                                           ; 10CL006YE144A7G    ;                    ;
; Top-level entity name                                            ; quadra_top         ; quadra_top         ;
; Family name                                                      ; Cyclone 10 LP      ; Cyclone V          ;
; Verilog Show LMF Mapping Messages                                ; Off                ;                    ;
; Verilog Version                                                  ; SystemVerilog_2005 ; Verilog_2001       ;
; Use smart compilation                                            ; Off                ; Off                ;
; Enable parallel Assembler and Timing Analyzer during compilation ; On                 ; On                 ;
; Enable compact report table                                      ; Off                ; Off                ;
; Restructure Multiplexers                                         ; Auto               ; Auto               ;
; Create Debugging Nodes for IP Cores                              ; Off                ; Off                ;
; Preserve fewer node names                                        ; On                 ; On                 ;
; Intel FPGA IP Evaluation Mode                                    ; Enable             ; Enable             ;
; VHDL Version                                                     ; VHDL_1993          ; VHDL_1993          ;
; State Machine Processing                                         ; Auto               ; Auto               ;
; Safe State Machine                                               ; Off                ; Off                ;
; Extract Verilog State Machines                                   ; On                 ; On                 ;
; Extract VHDL State Machines                                      ; On                 ; On                 ;
; Ignore Verilog initial constructs                                ; Off                ; Off                ;
; Iteration limit for constant Verilog loops                       ; 5000               ; 5000               ;
; Iteration limit for non-constant Verilog loops                   ; 250                ; 250                ;
; Add Pass-Through Logic to Inferred RAMs                          ; On                 ; On                 ;
; Infer RAMs from Raw Logic                                        ; On                 ; On                 ;
; Parallel Synthesis                                               ; On                 ; On                 ;
; DSP Block Balancing                                              ; Auto               ; Auto               ;
; NOT Gate Push-Back                                               ; On                 ; On                 ;
; Power-Up Don't Care                                              ; On                 ; On                 ;
; Remove Redundant Logic Cells                                     ; Off                ; Off                ;
; Remove Duplicate Registers                                       ; On                 ; On                 ;
; Ignore CARRY Buffers                                             ; Off                ; Off                ;
; Ignore CASCADE Buffers                                           ; Off                ; Off                ;
; Ignore GLOBAL Buffers                                            ; Off                ; Off                ;
; Ignore ROW GLOBAL Buffers                                        ; Off                ; Off                ;
; Ignore LCELL Buffers                                             ; Off                ; Off                ;
; Ignore SOFT Buffers                                              ; On                 ; On                 ;
; Limit AHDL Integers to 32 Bits                                   ; Off                ; Off                ;
; Optimization Technique                                           ; Balanced           ; Balanced           ;
; Carry Chain Length                                               ; 70                 ; 70                 ;
; Auto Carry Chains                                                ; On                 ; On                 ;
; Auto Open-Drain Pins                                             ; On                 ; On                 ;
; Perform WYSIWYG Primitive Resynthesis                            ; Off                ; Off                ;
; Auto ROM Replacement                                             ; On                 ; On                 ;
; Auto RAM Replacement                                             ; On                 ; On                 ;
; Auto DSP Block Replacement                                       ; On                 ; On                 ;
; Auto Shift Register Replacement                                  ; Auto               ; Auto               ;
; Allow Shift Register Merging across Hierarchies                  ; Auto               ; Auto               ;
; Auto Clock Enable Replacement                                    ; On                 ; On                 ;
; Strict RAM Replacement                                           ; Off                ; Off                ;
; Allow Synchronous Control Signals                                ; On                 ; On                 ;
; Force Use of Synchronous Clear Signals                           ; Off                ; Off                ;
; Auto RAM Block Balancing                                         ; On                 ; On                 ;
; Auto RAM to Logic Cell Conversion                                ; Off                ; Off                ;
; Auto Resource Sharing                                            ; Off                ; Off                ;
; Allow Any RAM Size For Recognition                               ; Off                ; Off                ;
; Allow Any ROM Size For Recognition                               ; Off                ; Off                ;
; Allow Any Shift Register Size For Recognition                    ; Off                ; Off                ;
; Use LogicLock Constraints during Resource Balancing              ; On                 ; On                 ;
; Ignore translate_off and synthesis_off directives                ; Off                ; Off                ;
; Timing-Driven Synthesis                                          ; On                 ; On                 ;
; Report Parameter Settings                                        ; On                 ; On                 ;
; Report Source Assignments                                        ; On                 ; On                 ;
; Report Connectivity Checks                                       ; On                 ; On                 ;
; Ignore Maximum Fan-Out Assignments                               ; Off                ; Off                ;
; Synchronization Register Chain Length                            ; 2                  ; 2                  ;
; Power Optimization During Synthesis                              ; Normal compilation ; Normal compilation ;
; HDL message level                                                ; Level2             ; Level2             ;
; Suppress Register Optimization Related Messages                  ; Off                ; Off                ;
; Number of Removed Registers Reported in Synthesis Report         ; 5000               ; 5000               ;
; Number of Swept Nodes Reported in Synthesis Report               ; 5000               ; 5000               ;
; Number of Inverted Registers Reported in Synthesis Report        ; 100                ; 100                ;
; Clock MUX Protection                                             ; On                 ; On                 ;
; Auto Gated Clock Conversion                                      ; Off                ; Off                ;
; Block Design Naming                                              ; Auto               ; Auto               ;
; SDC constraint protection                                        ; Off                ; Off                ;
; Synthesis Effort                                                 ; Auto               ; Auto               ;
; Shift Register Replacement - Allow Asynchronous Clear Signal     ; On                 ; On                 ;
; Pre-Mapping Resynthesis Optimization                             ; Off                ; Off                ;
; Analysis & Synthesis Message Level                               ; Medium             ; Medium             ;
; Disable Register Merging Across Hierarchies                      ; Auto               ; Auto               ;
; Resource Aware Inference For Block RAM                           ; On                 ; On                 ;
+------------------------------------------------------------------+--------------------+--------------------+


+------------------------------------------+
; Parallel Compilation                     ;
+----------------------------+-------------+
; Processors                 ; Number      ;
+----------------------------+-------------+
; Number detected on machine ; 6           ;
; Maximum allowed            ; 6           ;
;                            ;             ;
; Average used               ; 1.01        ;
; Maximum used               ; 6           ;
;                            ;             ;
; Usage by Processor         ; % Time Used ;
;     Processor 1            ; 100.0%      ;
;     Processor 2            ;   0.1%      ;
;     Processor 3            ;   0.1%      ;
;     Processor 4            ;   0.1%      ;
;     Processor 5            ;   0.1%      ;
;     Processor 6            ;   0.1%      ;
+----------------------------+-------------+


+----------------------------------------------------------------------------------------------------------------------------------------------------------------------------------------------------------------------------------------------------+
; Analysis & Synthesis Source Files Read                                                                                                                                                                                                             ;
+-----------------------------------------------------------------+-----------------+-------------------------------------------------------+----------------------------------------------------------------------------------------------+---------+
; File Name with User-Entered Path                                ; Used in Netlist ; File Type                                             ; File Name with Absolute Path                                                                 ; Library ;
+-----------------------------------------------------------------+-----------------+-------------------------------------------------------+----------------------------------------------------------------------------------------------+---------+
; ../rtl-model/lut.sv                                             ; yes             ; User SystemVerilog HDL File                           ; /home/mateusz/Documents/IntelIPVerification/rtl-model/lut.sv                                 ;         ;
; ../rtl-model/quadra.sv                                          ; yes             ; User SystemVerilog HDL File                           ; /home/mateusz/Documents/IntelIPVerification/rtl-model/quadra.sv                              ;         ;
; ../rtl-model/quadra_top.sv                                      ; yes             ; User SystemVerilog HDL File                           ; /home/mateusz/Documents/IntelIPVerification/rtl-model/quadra_top.sv                          ;         ;
; ../rtl-model/square.sv                                          ; yes             ; User SystemVerilog HDL File                           ; /home/mateusz/Documents/IntelIPVerification/rtl-model/square.sv                              ;         ;
; /home/mateusz/Documents/IntelIPVerification/rtl-model/quadra.vh ; yes             ; Auto-Found Unspecified File                           ; /home/mateusz/Documents/IntelIPVerification/rtl-model/quadra.vh                              ;         ;
; altsyncram.tdf                                                  ; yes             ; Megafunction                                          ; /opt/Intel/quartus/libraries/megafunctions/altsyncram.tdf                                    ;         ;
; stratix_ram_block.inc                                           ; yes             ; Megafunction                                          ; /opt/Intel/quartus/libraries/megafunctions/stratix_ram_block.inc                             ;         ;
; lpm_mux.inc                                                     ; yes             ; Megafunction                                          ; /opt/Intel/quartus/libraries/megafunctions/lpm_mux.inc                                       ;         ;
; lpm_decode.inc                                                  ; yes             ; Megafunction                                          ; /opt/Intel/quartus/libraries/megafunctions/lpm_decode.inc                                    ;         ;
; aglobal231.inc                                                  ; yes             ; Megafunction                                          ; /opt/Intel/quartus/libraries/megafunctions/aglobal231.inc                                    ;         ;
; a_rdenreg.inc                                                   ; yes             ; Megafunction                                          ; /opt/Intel/quartus/libraries/megafunctions/a_rdenreg.inc                                     ;         ;
; altrom.inc                                                      ; yes             ; Megafunction                                          ; /opt/Intel/quartus/libraries/megafunctions/altrom.inc                                        ;         ;
; altram.inc                                                      ; yes             ; Megafunction                                          ; /opt/Intel/quartus/libraries/megafunctions/altram.inc                                        ;         ;
; altdpram.inc                                                    ; yes             ; Megafunction                                          ; /opt/Intel/quartus/libraries/megafunctions/altdpram.inc                                      ;         ;
; db/altsyncram_0q61.tdf                                          ; yes             ; Auto-Generated Megafunction                           ; /home/mateusz/Documents/IntelIPVerification/quartus_opt/db/altsyncram_0q61.tdf               ;         ;
; db/quadra_top.rom0_lut_1ddef.hdl.mif                            ; yes             ; Auto-Generated Auto-Found Memory Initialization File  ; /home/mateusz/Documents/IntelIPVerification/quartus_opt/db/quadra_top.rom0_lut_1ddef.hdl.mif ;         ;
; db/altsyncram_1q61.tdf                                          ; yes             ; Auto-Generated Megafunction                           ; /home/mateusz/Documents/IntelIPVerification/quartus_opt/db/altsyncram_1q61.tdf               ;         ;
; db/quadra_top.rom1_lut_1ddef.hdl.mif                            ; yes             ; Auto-Generated Auto-Found Memory Initialization File  ; /home/mateusz/Documents/IntelIPVerification/quartus_opt/db/quadra_top.rom1_lut_1ddef.hdl.mif ;         ;
; db/altsyncram_2q61.tdf                                          ; yes             ; Auto-Generated Megafunction                           ; /home/mateusz/Documents/IntelIPVerification/quartus_opt/db/altsyncram_2q61.tdf               ;         ;
; db/quadra_top.rom2_lut_1ddef.hdl.mif                            ; yes             ; Auto-Generated Auto-Found Memory Initialization File  ; /home/mateusz/Documents/IntelIPVerification/quartus_opt/db/quadra_top.rom2_lut_1ddef.hdl.mif ;         ;
; lpm_mult.tdf                                                    ; yes             ; Megafunction                                          ; /opt/Intel/quartus/libraries/megafunctions/lpm_mult.tdf                                      ;         ;
; lpm_add_sub.inc                                                 ; yes             ; Megafunction                                          ; /opt/Intel/quartus/libraries/megafunctions/lpm_add_sub.inc                                   ;         ;
; multcore.inc                                                    ; yes             ; Megafunction                                          ; /opt/Intel/quartus/libraries/megafunctions/multcore.inc                                      ;         ;
; bypassff.inc                                                    ; yes             ; Megafunction                                          ; /opt/Intel/quartus/libraries/megafunctions/bypassff.inc                                      ;         ;
; altshift.inc                                                    ; yes             ; Megafunction                                          ; /opt/Intel/quartus/libraries/megafunctions/altshift.inc                                      ;         ;
; db/mult_r5t.tdf                                                 ; yes             ; Auto-Generated Megafunction                           ; /home/mateusz/Documents/IntelIPVerification/quartus_opt/db/mult_r5t.tdf                      ;         ;
; db/mult_s5t.tdf                                                 ; yes             ; Auto-Generated Megafunction                           ; /home/mateusz/Documents/IntelIPVerification/quartus_opt/db/mult_s5t.tdf                      ;         ;
; db/mult_3dt.tdf                                                 ; yes             ; Auto-Generated Megafunction                           ; /home/mateusz/Documents/IntelIPVerification/quartus_opt/db/mult_3dt.tdf                      ;         ;
+-----------------------------------------------------------------+-----------------+-------------------------------------------------------+----------------------------------------------------------------------------------------------+---------+


+---------------------------------------------------------+
; Analysis & Synthesis Resource Usage Summary             ;
+---------------------------------------------+-----------+
; Resource                                    ; Usage     ;
+---------------------------------------------+-----------+
; Estimated Total logic elements              ; 257       ;
;                                             ;           ;
; Total combinational functions               ; 199       ;
; Logic element usage by number of LUT inputs ;           ;
;     -- 4 input functions                    ; 1         ;
;     -- 3 input functions                    ; 88        ;
;     -- <=2 input functions                  ; 110       ;
;                                             ;           ;
; Logic elements by mode                      ;           ;
;     -- normal mode                          ; 36        ;
;     -- arithmetic mode                      ; 163       ;
;                                             ;           ;
; Total registers                             ; 130       ;
;     -- Dedicated logic registers            ; 130       ;
;     -- I/O registers                        ; 0         ;
;                                             ;           ;
; I/O pins                                    ; 53        ;
; Total memory bits                           ; 11904     ;
;                                             ;           ;
; Embedded Multiplier 9-bit elements          ; 10        ;
;                                             ;           ;
; Maximum fan-out node                        ; clk~input ;
; Maximum fan-out                             ; 223       ;
; Total fan-out                               ; 1710      ;
; Average fan-out                             ; 3.18      ;
+---------------------------------------------+-----------+


+--------------------------------------------------------------------------------------------------------------------------------------------------------------------------------------------------------------------------------------------------------------------------------------------------------+
; Analysis & Synthesis Resource Utilization by Entity                                                                                                                                                                                                                                                    ;
+----------------------------------------------+---------------------+---------------------------+-------------+--------------+---------+-----------+------+--------------+---------------------------------------------------------------------------------------------+-----------------+--------------+
; Compilation Hierarchy Node                   ; Combinational ALUTs ; Dedicated Logic Registers ; Memory Bits ; DSP Elements ; DSP 9x9 ; DSP 18x18 ; Pins ; Virtual Pins ; Full Hierarchy Name                                                                         ; Entity Name     ; Library Name ;
+----------------------------------------------+---------------------+---------------------------+-------------+--------------+---------+-----------+------+--------------+---------------------------------------------------------------------------------------------+-----------------+--------------+
; |quadra_top                                  ; 199 (3)             ; 130 (3)                   ; 11904       ; 10           ; 0       ; 5         ; 53   ; 0            ; |quadra_top                                                                                 ; quadra_top      ; work         ;
;    |quadra:my_quadra|                        ; 196 (167)           ; 127 (127)                 ; 11904       ; 10           ; 0       ; 5         ; 0    ; 0            ; |quadra_top|quadra:my_quadra                                                                ; quadra          ; work         ;
;       |lpm_mult:Mult0|                       ; 14 (0)              ; 0 (0)                     ; 0           ; 4            ; 0       ; 2         ; 0    ; 0            ; |quadra_top|quadra:my_quadra|lpm_mult:Mult0                                                 ; lpm_mult        ; work         ;
;          |mult_s5t:auto_generated|           ; 14 (14)             ; 0 (0)                     ; 0           ; 4            ; 0       ; 2         ; 0    ; 0            ; |quadra_top|quadra:my_quadra|lpm_mult:Mult0|mult_s5t:auto_generated                         ; mult_s5t        ; work         ;
;       |lpm_mult:Mult1|                       ; 15 (0)              ; 0 (0)                     ; 0           ; 4            ; 0       ; 2         ; 0    ; 0            ; |quadra_top|quadra:my_quadra|lpm_mult:Mult1                                                 ; lpm_mult        ; work         ;
;          |mult_r5t:auto_generated|           ; 15 (15)             ; 0 (0)                     ; 0           ; 4            ; 0       ; 2         ; 0    ; 0            ; |quadra_top|quadra:my_quadra|lpm_mult:Mult1|mult_r5t:auto_generated                         ; mult_r5t        ; work         ;
;       |lut:lut_1|                            ; 0 (0)               ; 0 (0)                     ; 11904       ; 0            ; 0       ; 0         ; 0    ; 0            ; |quadra_top|quadra:my_quadra|lut:lut_1                                                      ; lut             ; work         ;
;          |altsyncram:Ram0_rtl_0|             ; 0 (0)               ; 0 (0)                     ; 3712        ; 0            ; 0       ; 0         ; 0    ; 0            ; |quadra_top|quadra:my_quadra|lut:lut_1|altsyncram:Ram0_rtl_0                                ; altsyncram      ; work         ;
;             |altsyncram_0q61:auto_generated| ; 0 (0)               ; 0 (0)                     ; 3712        ; 0            ; 0       ; 0         ; 0    ; 0            ; |quadra_top|quadra:my_quadra|lut:lut_1|altsyncram:Ram0_rtl_0|altsyncram_0q61:auto_generated ; altsyncram_0q61 ; work         ;
;          |altsyncram:Ram1_rtl_0|             ; 0 (0)               ; 0 (0)                     ; 4096        ; 0            ; 0       ; 0         ; 0    ; 0            ; |quadra_top|quadra:my_quadra|lut:lut_1|altsyncram:Ram1_rtl_0                                ; altsyncram      ; work         ;
;             |altsyncram_1q61:auto_generated| ; 0 (0)               ; 0 (0)                     ; 4096        ; 0            ; 0       ; 0         ; 0    ; 0            ; |quadra_top|quadra:my_quadra|lut:lut_1|altsyncram:Ram1_rtl_0|altsyncram_1q61:auto_generated ; altsyncram_1q61 ; work         ;
;          |altsyncram:Ram2_rtl_0|             ; 0 (0)               ; 0 (0)                     ; 4096        ; 0            ; 0       ; 0         ; 0    ; 0            ; |quadra_top|quadra:my_quadra|lut:lut_1|altsyncram:Ram2_rtl_0                                ; altsyncram      ; work         ;
;             |altsyncram_2q61:auto_generated| ; 0 (0)               ; 0 (0)                     ; 4096        ; 0            ; 0       ; 0         ; 0    ; 0            ; |quadra_top|quadra:my_quadra|lut:lut_1|altsyncram:Ram2_rtl_0|altsyncram_2q61:auto_generated ; altsyncram_2q61 ; work         ;
;       |square:square_1|                      ; 0 (0)               ; 0 (0)                     ; 0           ; 2            ; 0       ; 1         ; 0    ; 0            ; |quadra_top|quadra:my_quadra|square:square_1                                                ; square          ; work         ;
;          |lpm_mult:Mult0|                    ; 0 (0)               ; 0 (0)                     ; 0           ; 2            ; 0       ; 1         ; 0    ; 0            ; |quadra_top|quadra:my_quadra|square:square_1|lpm_mult:Mult0                                 ; lpm_mult        ; work         ;
;             |mult_3dt:auto_generated|        ; 0 (0)               ; 0 (0)                     ; 0           ; 2            ; 0       ; 1         ; 0    ; 0            ; |quadra_top|quadra:my_quadra|square:square_1|lpm_mult:Mult0|mult_3dt:auto_generated         ; mult_3dt        ; work         ;
+----------------------------------------------+---------------------+---------------------------+-------------+--------------+---------+-----------+------+--------------+---------------------------------------------------------------------------------------------+-----------------+--------------+
Note: For table entries with two numbers listed, the numbers in parentheses indicate the number of resources of the given type used by the specific entity alone. The numbers listed outside of parentheses indicate the total resources of the given type used by the specific entity and all of its sub-entities in the hierarchy.


+--------------------------------------------------------------------------------------------------------------------------------------------------------------------------------------------------------------------+
; Analysis & Synthesis RAM Summary                                                                                                                                                                                   ;
+--------------------------------------------------------------------------------------------+------+------+--------------+--------------+--------------+--------------+------+--------------------------------------+
; Name                                                                                       ; Type ; Mode ; Port A Depth ; Port A Width ; Port B Depth ; Port B Width ; Size ; MIF                                  ;
+--------------------------------------------------------------------------------------------+------+------+--------------+--------------+--------------+--------------+------+--------------------------------------+
; quadra:my_quadra|lut:lut_1|altsyncram:Ram0_rtl_0|altsyncram_0q61:auto_generated|ALTSYNCRAM ; AUTO ; ROM  ; 128          ; 32           ; --           ; --           ; 4096 ; db/quadra_top.rom0_lut_1ddef.hdl.mif ;
; quadra:my_quadra|lut:lut_1|altsyncram:Ram1_rtl_0|altsyncram_1q61:auto_generated|ALTSYNCRAM ; AUTO ; ROM  ; 128          ; 32           ; --           ; --           ; 4096 ; db/quadra_top.rom1_lut_1ddef.hdl.mif ;
; quadra:my_quadra|lut:lut_1|altsyncram:Ram2_rtl_0|altsyncram_2q61:auto_generated|ALTSYNCRAM ; AUTO ; ROM  ; 128          ; 32           ; --           ; --           ; 4096 ; db/quadra_top.rom2_lut_1ddef.hdl.mif ;
+--------------------------------------------------------------------------------------------+------+------+--------------+--------------+--------------+--------------+------+--------------------------------------+


+-----------------------------------------------------+
; Analysis & Synthesis DSP Block Usage Summary        ;
+---------------------------------------+-------------+
; Statistic                             ; Number Used ;
+---------------------------------------+-------------+
; Simple Multipliers (9-bit)            ; 0           ;
; Simple Multipliers (18-bit)           ; 5           ;
; Embedded Multiplier Blocks            ; --          ;
; Embedded Multiplier 9-bit elements    ; 10          ;
; Signed Embedded Multipliers           ; 2           ;
; Unsigned Embedded Multipliers         ; 1           ;
; Mixed Sign Embedded Multipliers       ; 2           ;
; Variable Sign Embedded Multipliers    ; 0           ;
; Dedicated Input Shift Register Chains ; 0           ;
+---------------------------------------+-------------+
Note: number of Embedded Multiplier Blocks used is only available after a successful fit.


+-------------------------------------------------------------------------------------+
; Registers Removed During Synthesis                                                  ;
+----------------------------------------+--------------------------------------------+
; Register name                          ; Reason for Removal                         ;
+----------------------------------------+--------------------------------------------+
; quadra:my_quadra|stage2.sq[12..23]     ; Stuck at GND due to stuck port data_in     ;
; quadra:my_quadra|stage3.t2[29,30]      ; Lost fanout                                ;
; quadra:my_quadra|stage3.t1[29,30]      ; Lost fanout                                ;
; quadra:my_quadra|stage3.t0[29]         ; Lost fanout                                ;
; quadra:my_quadra|stage2.a[30]          ; Lost fanout                                ;
; quadra:my_quadra|stage3.t0[30]         ; Lost fanout                                ;
; quadra:my_quadra|stage2.a[31]          ; Lost fanout                                ;
; quadra:my_quadra|stage3.t1[25..28]     ; Merged with quadra:my_quadra|stage3.t1[24] ;
; quadra:my_quadra|stage3.t2[19..27]     ; Merged with quadra:my_quadra|stage3.t2[28] ;
; Total Number of Removed Registers = 33 ;                                            ;
+----------------------------------------+--------------------------------------------+


+----------------------------------------------------------------------------------------------+
; Removed Registers Triggering Further Register Optimizations                                  ;
+--------------------------------+--------------------+----------------------------------------+
; Register name                  ; Reason for Removal ; Registers Removed due to This Register ;
+--------------------------------+--------------------+----------------------------------------+
; quadra:my_quadra|stage3.t0[29] ; Lost Fanouts       ; quadra:my_quadra|stage2.a[30]          ;
; quadra:my_quadra|stage3.t0[30] ; Lost Fanouts       ; quadra:my_quadra|stage2.a[31]          ;
+--------------------------------+--------------------+----------------------------------------+


+------------------------------------------------------+
; General Register Statistics                          ;
+----------------------------------------------+-------+
; Statistic                                    ; Value ;
+----------------------------------------------+-------+
; Total registers                              ; 130   ;
; Number of registers using Synchronous Clear  ; 0     ;
; Number of registers using Synchronous Load   ; 0     ;
; Number of registers using Asynchronous Clear ; 0     ;
; Number of registers using Asynchronous Load  ; 0     ;
; Number of registers using Clock Enable       ; 0     ;
; Number of registers using Preset             ; 0     ;
+----------------------------------------------+-------+


+---------------------------------------------------------------------------------+
; Registers Packed Into Inferred Megafunctions                                    ;
+----------------------------------+---------------------------------------+------+
; Register Name                    ; Megafunction                          ; Type ;
+----------------------------------+---------------------------------------+------+
; quadra:my_quadra|stage2.a[1..29] ; quadra:my_quadra|lut:lut_1|Ram0_rtl_0 ; RAM  ;
; quadra:my_quadra|stage2.b[0..31] ; quadra:my_quadra|lut:lut_1|Ram1_rtl_0 ; RAM  ;
; quadra:my_quadra|stage2.c[0..31] ; quadra:my_quadra|lut:lut_1|Ram2_rtl_0 ; RAM  ;
+----------------------------------+---------------------------------------+------+


+--------------------------------------------------------------------------------------------------------+
; Source assignments for quadra:my_quadra|lut:lut_1|altsyncram:Ram0_rtl_0|altsyncram_0q61:auto_generated ;
+---------------------------------+--------------------+------+------------------------------------------+
; Assignment                      ; Value              ; From ; To                                       ;
+---------------------------------+--------------------+------+------------------------------------------+
; OPTIMIZE_POWER_DURING_SYNTHESIS ; NORMAL_COMPILATION ; -    ; -                                        ;
+---------------------------------+--------------------+------+------------------------------------------+


+--------------------------------------------------------------------------------------------------------+
; Source assignments for quadra:my_quadra|lut:lut_1|altsyncram:Ram1_rtl_0|altsyncram_1q61:auto_generated ;
+---------------------------------+--------------------+------+------------------------------------------+
; Assignment                      ; Value              ; From ; To                                       ;
+---------------------------------+--------------------+------+------------------------------------------+
; OPTIMIZE_POWER_DURING_SYNTHESIS ; NORMAL_COMPILATION ; -    ; -                                        ;
+---------------------------------+--------------------+------+------------------------------------------+


+--------------------------------------------------------------------------------------------------------+
; Source assignments for quadra:my_quadra|lut:lut_1|altsyncram:Ram2_rtl_0|altsyncram_2q61:auto_generated ;
+---------------------------------+--------------------+------+------------------------------------------+
; Assignment                      ; Value              ; From ; To                                       ;
+---------------------------------+--------------------+------+------------------------------------------+
; OPTIMIZE_POWER_DURING_SYNTHESIS ; NORMAL_COMPILATION ; -    ; -                                        ;
+---------------------------------+--------------------+------+------------------------------------------+


+---------------------------------------------------------------------------------------------------+
; Parameter Settings for Inferred Entity Instance: quadra:my_quadra|lut:lut_1|altsyncram:Ram0_rtl_0 ;
+------------------------------------+--------------------------------------+-----------------------+
; Parameter Name                     ; Value                                ; Type                  ;
+------------------------------------+--------------------------------------+-----------------------+
; BYTE_SIZE_BLOCK                    ; 8                                    ; Untyped               ;
; AUTO_CARRY_CHAINS                  ; ON                                   ; AUTO_CARRY            ;
; IGNORE_CARRY_BUFFERS               ; OFF                                  ; IGNORE_CARRY          ;
; AUTO_CASCADE_CHAINS                ; ON                                   ; AUTO_CASCADE          ;
; IGNORE_CASCADE_BUFFERS             ; OFF                                  ; IGNORE_CASCADE        ;
; WIDTH_BYTEENA                      ; 1                                    ; Untyped               ;
; OPERATION_MODE                     ; ROM                                  ; Untyped               ;
; WIDTH_A                            ; 32                                   ; Untyped               ;
; WIDTHAD_A                          ; 7                                    ; Untyped               ;
; NUMWORDS_A                         ; 128                                  ; Untyped               ;
; OUTDATA_REG_A                      ; UNREGISTERED                         ; Untyped               ;
; ADDRESS_ACLR_A                     ; NONE                                 ; Untyped               ;
; OUTDATA_ACLR_A                     ; NONE                                 ; Untyped               ;
; WRCONTROL_ACLR_A                   ; NONE                                 ; Untyped               ;
; INDATA_ACLR_A                      ; NONE                                 ; Untyped               ;
; BYTEENA_ACLR_A                     ; NONE                                 ; Untyped               ;
; WIDTH_B                            ; 1                                    ; Untyped               ;
; WIDTHAD_B                          ; 1                                    ; Untyped               ;
; NUMWORDS_B                         ; 1                                    ; Untyped               ;
; INDATA_REG_B                       ; CLOCK1                               ; Untyped               ;
; WRCONTROL_WRADDRESS_REG_B          ; CLOCK1                               ; Untyped               ;
; RDCONTROL_REG_B                    ; CLOCK1                               ; Untyped               ;
; ADDRESS_REG_B                      ; CLOCK1                               ; Untyped               ;
; OUTDATA_REG_B                      ; UNREGISTERED                         ; Untyped               ;
; BYTEENA_REG_B                      ; CLOCK1                               ; Untyped               ;
; INDATA_ACLR_B                      ; NONE                                 ; Untyped               ;
; WRCONTROL_ACLR_B                   ; NONE                                 ; Untyped               ;
; ADDRESS_ACLR_B                     ; NONE                                 ; Untyped               ;
; OUTDATA_ACLR_B                     ; NONE                                 ; Untyped               ;
; RDCONTROL_ACLR_B                   ; NONE                                 ; Untyped               ;
; BYTEENA_ACLR_B                     ; NONE                                 ; Untyped               ;
; WIDTH_BYTEENA_A                    ; 1                                    ; Untyped               ;
; WIDTH_BYTEENA_B                    ; 1                                    ; Untyped               ;
; RAM_BLOCK_TYPE                     ; AUTO                                 ; Untyped               ;
; BYTE_SIZE                          ; 8                                    ; Untyped               ;
; READ_DURING_WRITE_MODE_MIXED_PORTS ; DONT_CARE                            ; Untyped               ;
; READ_DURING_WRITE_MODE_PORT_A      ; NEW_DATA_NO_NBE_READ                 ; Untyped               ;
; READ_DURING_WRITE_MODE_PORT_B      ; NEW_DATA_NO_NBE_READ                 ; Untyped               ;
; INIT_FILE                          ; db/quadra_top.rom0_lut_1ddef.hdl.mif ; Untyped               ;
; INIT_FILE_LAYOUT                   ; PORT_A                               ; Untyped               ;
; MAXIMUM_DEPTH                      ; 0                                    ; Untyped               ;
; CLOCK_ENABLE_INPUT_A               ; NORMAL                               ; Untyped               ;
; CLOCK_ENABLE_INPUT_B               ; NORMAL                               ; Untyped               ;
; CLOCK_ENABLE_OUTPUT_A              ; NORMAL                               ; Untyped               ;
; CLOCK_ENABLE_OUTPUT_B              ; NORMAL                               ; Untyped               ;
; CLOCK_ENABLE_CORE_A                ; USE_INPUT_CLKEN                      ; Untyped               ;
; CLOCK_ENABLE_CORE_B                ; USE_INPUT_CLKEN                      ; Untyped               ;
; ENABLE_ECC                         ; FALSE                                ; Untyped               ;
; ECC_PIPELINE_STAGE_ENABLED         ; FALSE                                ; Untyped               ;
; WIDTH_ECCSTATUS                    ; 3                                    ; Untyped               ;
; DEVICE_FAMILY                      ; Cyclone 10 LP                        ; Untyped               ;
; CBXI_PARAMETER                     ; altsyncram_0q61                      ; Untyped               ;
+------------------------------------+--------------------------------------+-----------------------+
Note: In order to hide this table in the UI and the text report file, please set the "Show Parameter Settings in Synthesis Report" option in "Analysis and Synthesis Settings -> More Settings" to "Off".


+---------------------------------------------------------------------------------------------------+
; Parameter Settings for Inferred Entity Instance: quadra:my_quadra|lut:lut_1|altsyncram:Ram1_rtl_0 ;
+------------------------------------+--------------------------------------+-----------------------+
; Parameter Name                     ; Value                                ; Type                  ;
+------------------------------------+--------------------------------------+-----------------------+
; BYTE_SIZE_BLOCK                    ; 8                                    ; Untyped               ;
; AUTO_CARRY_CHAINS                  ; ON                                   ; AUTO_CARRY            ;
; IGNORE_CARRY_BUFFERS               ; OFF                                  ; IGNORE_CARRY          ;
; AUTO_CASCADE_CHAINS                ; ON                                   ; AUTO_CASCADE          ;
; IGNORE_CASCADE_BUFFERS             ; OFF                                  ; IGNORE_CASCADE        ;
; WIDTH_BYTEENA                      ; 1                                    ; Untyped               ;
; OPERATION_MODE                     ; ROM                                  ; Untyped               ;
; WIDTH_A                            ; 32                                   ; Untyped               ;
; WIDTHAD_A                          ; 7                                    ; Untyped               ;
; NUMWORDS_A                         ; 128                                  ; Untyped               ;
; OUTDATA_REG_A                      ; UNREGISTERED                         ; Untyped               ;
; ADDRESS_ACLR_A                     ; NONE                                 ; Untyped               ;
; OUTDATA_ACLR_A                     ; NONE                                 ; Untyped               ;
; WRCONTROL_ACLR_A                   ; NONE                                 ; Untyped               ;
; INDATA_ACLR_A                      ; NONE                                 ; Untyped               ;
; BYTEENA_ACLR_A                     ; NONE                                 ; Untyped               ;
; WIDTH_B                            ; 1                                    ; Untyped               ;
; WIDTHAD_B                          ; 1                                    ; Untyped               ;
; NUMWORDS_B                         ; 1                                    ; Untyped               ;
; INDATA_REG_B                       ; CLOCK1                               ; Untyped               ;
; WRCONTROL_WRADDRESS_REG_B          ; CLOCK1                               ; Untyped               ;
; RDCONTROL_REG_B                    ; CLOCK1                               ; Untyped               ;
; ADDRESS_REG_B                      ; CLOCK1                               ; Untyped               ;
; OUTDATA_REG_B                      ; UNREGISTERED                         ; Untyped               ;
; BYTEENA_REG_B                      ; CLOCK1                               ; Untyped               ;
; INDATA_ACLR_B                      ; NONE                                 ; Untyped               ;
; WRCONTROL_ACLR_B                   ; NONE                                 ; Untyped               ;
; ADDRESS_ACLR_B                     ; NONE                                 ; Untyped               ;
; OUTDATA_ACLR_B                     ; NONE                                 ; Untyped               ;
; RDCONTROL_ACLR_B                   ; NONE                                 ; Untyped               ;
; BYTEENA_ACLR_B                     ; NONE                                 ; Untyped               ;
; WIDTH_BYTEENA_A                    ; 1                                    ; Untyped               ;
; WIDTH_BYTEENA_B                    ; 1                                    ; Untyped               ;
; RAM_BLOCK_TYPE                     ; AUTO                                 ; Untyped               ;
; BYTE_SIZE                          ; 8                                    ; Untyped               ;
; READ_DURING_WRITE_MODE_MIXED_PORTS ; DONT_CARE                            ; Untyped               ;
; READ_DURING_WRITE_MODE_PORT_A      ; NEW_DATA_NO_NBE_READ                 ; Untyped               ;
; READ_DURING_WRITE_MODE_PORT_B      ; NEW_DATA_NO_NBE_READ                 ; Untyped               ;
; INIT_FILE                          ; db/quadra_top.rom1_lut_1ddef.hdl.mif ; Untyped               ;
; INIT_FILE_LAYOUT                   ; PORT_A                               ; Untyped               ;
; MAXIMUM_DEPTH                      ; 0                                    ; Untyped               ;
; CLOCK_ENABLE_INPUT_A               ; NORMAL                               ; Untyped               ;
; CLOCK_ENABLE_INPUT_B               ; NORMAL                               ; Untyped               ;
; CLOCK_ENABLE_OUTPUT_A              ; NORMAL                               ; Untyped               ;
; CLOCK_ENABLE_OUTPUT_B              ; NORMAL                               ; Untyped               ;
; CLOCK_ENABLE_CORE_A                ; USE_INPUT_CLKEN                      ; Untyped               ;
; CLOCK_ENABLE_CORE_B                ; USE_INPUT_CLKEN                      ; Untyped               ;
; ENABLE_ECC                         ; FALSE                                ; Untyped               ;
; ECC_PIPELINE_STAGE_ENABLED         ; FALSE                                ; Untyped               ;
; WIDTH_ECCSTATUS                    ; 3                                    ; Untyped               ;
; DEVICE_FAMILY                      ; Cyclone 10 LP                        ; Untyped               ;
; CBXI_PARAMETER                     ; altsyncram_1q61                      ; Untyped               ;
+------------------------------------+--------------------------------------+-----------------------+
Note: In order to hide this table in the UI and the text report file, please set the "Show Parameter Settings in Synthesis Report" option in "Analysis and Synthesis Settings -> More Settings" to "Off".


+---------------------------------------------------------------------------------------------------+
; Parameter Settings for Inferred Entity Instance: quadra:my_quadra|lut:lut_1|altsyncram:Ram2_rtl_0 ;
+------------------------------------+--------------------------------------+-----------------------+
; Parameter Name                     ; Value                                ; Type                  ;
+------------------------------------+--------------------------------------+-----------------------+
; BYTE_SIZE_BLOCK                    ; 8                                    ; Untyped               ;
; AUTO_CARRY_CHAINS                  ; ON                                   ; AUTO_CARRY            ;
; IGNORE_CARRY_BUFFERS               ; OFF                                  ; IGNORE_CARRY          ;
; AUTO_CASCADE_CHAINS                ; ON                                   ; AUTO_CASCADE          ;
; IGNORE_CASCADE_BUFFERS             ; OFF                                  ; IGNORE_CASCADE        ;
; WIDTH_BYTEENA                      ; 1                                    ; Untyped               ;
; OPERATION_MODE                     ; ROM                                  ; Untyped               ;
; WIDTH_A                            ; 32                                   ; Untyped               ;
; WIDTHAD_A                          ; 7                                    ; Untyped               ;
; NUMWORDS_A                         ; 128                                  ; Untyped               ;
; OUTDATA_REG_A                      ; UNREGISTERED                         ; Untyped               ;
; ADDRESS_ACLR_A                     ; NONE                                 ; Untyped               ;
; OUTDATA_ACLR_A                     ; NONE                                 ; Untyped               ;
; WRCONTROL_ACLR_A                   ; NONE                                 ; Untyped               ;
; INDATA_ACLR_A                      ; NONE                                 ; Untyped               ;
; BYTEENA_ACLR_A                     ; NONE                                 ; Untyped               ;
; WIDTH_B                            ; 1                                    ; Untyped               ;
; WIDTHAD_B                          ; 1                                    ; Untyped               ;
; NUMWORDS_B                         ; 1                                    ; Untyped               ;
; INDATA_REG_B                       ; CLOCK1                               ; Untyped               ;
; WRCONTROL_WRADDRESS_REG_B          ; CLOCK1                               ; Untyped               ;
; RDCONTROL_REG_B                    ; CLOCK1                               ; Untyped               ;
; ADDRESS_REG_B                      ; CLOCK1                               ; Untyped               ;
; OUTDATA_REG_B                      ; UNREGISTERED                         ; Untyped               ;
; BYTEENA_REG_B                      ; CLOCK1                               ; Untyped               ;
; INDATA_ACLR_B                      ; NONE                                 ; Untyped               ;
; WRCONTROL_ACLR_B                   ; NONE                                 ; Untyped               ;
; ADDRESS_ACLR_B                     ; NONE                                 ; Untyped               ;
; OUTDATA_ACLR_B                     ; NONE                                 ; Untyped               ;
; RDCONTROL_ACLR_B                   ; NONE                                 ; Untyped               ;
; BYTEENA_ACLR_B                     ; NONE                                 ; Untyped               ;
; WIDTH_BYTEENA_A                    ; 1                                    ; Untyped               ;
; WIDTH_BYTEENA_B                    ; 1                                    ; Untyped               ;
; RAM_BLOCK_TYPE                     ; AUTO                                 ; Untyped               ;
; BYTE_SIZE                          ; 8                                    ; Untyped               ;
; READ_DURING_WRITE_MODE_MIXED_PORTS ; DONT_CARE                            ; Untyped               ;
; READ_DURING_WRITE_MODE_PORT_A      ; NEW_DATA_NO_NBE_READ                 ; Untyped               ;
; READ_DURING_WRITE_MODE_PORT_B      ; NEW_DATA_NO_NBE_READ                 ; Untyped               ;
; INIT_FILE                          ; db/quadra_top.rom2_lut_1ddef.hdl.mif ; Untyped               ;
; INIT_FILE_LAYOUT                   ; PORT_A                               ; Untyped               ;
; MAXIMUM_DEPTH                      ; 0                                    ; Untyped               ;
; CLOCK_ENABLE_INPUT_A               ; NORMAL                               ; Untyped               ;
; CLOCK_ENABLE_INPUT_B               ; NORMAL                               ; Untyped               ;
; CLOCK_ENABLE_OUTPUT_A              ; NORMAL                               ; Untyped               ;
; CLOCK_ENABLE_OUTPUT_B              ; NORMAL                               ; Untyped               ;
; CLOCK_ENABLE_CORE_A                ; USE_INPUT_CLKEN                      ; Untyped               ;
; CLOCK_ENABLE_CORE_B                ; USE_INPUT_CLKEN                      ; Untyped               ;
; ENABLE_ECC                         ; FALSE                                ; Untyped               ;
; ECC_PIPELINE_STAGE_ENABLED         ; FALSE                                ; Untyped               ;
; WIDTH_ECCSTATUS                    ; 3                                    ; Untyped               ;
; DEVICE_FAMILY                      ; Cyclone 10 LP                        ; Untyped               ;
; CBXI_PARAMETER                     ; altsyncram_2q61                      ; Untyped               ;
+------------------------------------+--------------------------------------+-----------------------+
Note: In order to hide this table in the UI and the text report file, please set the "Show Parameter Settings in Synthesis Report" option in "Analysis and Synthesis Settings -> More Settings" to "Off".


+--------------------------------------------------------------------------------------+
; Parameter Settings for Inferred Entity Instance: quadra:my_quadra|lpm_mult:Mult1     ;
+------------------------------------------------+---------------+---------------------+
; Parameter Name                                 ; Value         ; Type                ;
+------------------------------------------------+---------------+---------------------+
; AUTO_CARRY_CHAINS                              ; ON            ; AUTO_CARRY          ;
; IGNORE_CARRY_BUFFERS                           ; OFF           ; IGNORE_CARRY        ;
; AUTO_CASCADE_CHAINS                            ; ON            ; AUTO_CASCADE        ;
; IGNORE_CASCADE_BUFFERS                         ; OFF           ; IGNORE_CASCADE      ;
; LPM_WIDTHA                                     ; 13            ; Untyped             ;
; LPM_WIDTHB                                     ; 32            ; Untyped             ;
; LPM_WIDTHP                                     ; 45            ; Untyped             ;
; LPM_WIDTHR                                     ; 45            ; Untyped             ;
; LPM_WIDTHS                                     ; 1             ; Untyped             ;
; LPM_REPRESENTATION                             ; SIGNED        ; Untyped             ;
; LPM_PIPELINE                                   ; 0             ; Untyped             ;
; LATENCY                                        ; 0             ; Untyped             ;
; INPUT_A_IS_CONSTANT                            ; NO            ; Untyped             ;
; INPUT_B_IS_CONSTANT                            ; NO            ; Untyped             ;
; USE_EAB                                        ; OFF           ; Untyped             ;
; MAXIMIZE_SPEED                                 ; 5             ; Untyped             ;
; DEVICE_FAMILY                                  ; Cyclone 10 LP ; Untyped             ;
; CARRY_CHAIN                                    ; MANUAL        ; Untyped             ;
; APEX20K_TECHNOLOGY_MAPPER                      ; LUT           ; TECH_MAPPER_APEX20K ;
; DEDICATED_MULTIPLIER_CIRCUITRY                 ; AUTO          ; Untyped             ;
; DEDICATED_MULTIPLIER_MIN_INPUT_WIDTH_FOR_AUTO  ; 0             ; Untyped             ;
; DEDICATED_MULTIPLIER_MIN_OUTPUT_WIDTH_FOR_AUTO ; 0             ; Untyped             ;
; CBXI_PARAMETER                                 ; mult_r5t      ; Untyped             ;
; INPUT_A_FIXED_VALUE                            ; Bx            ; Untyped             ;
; INPUT_B_FIXED_VALUE                            ; Bx            ; Untyped             ;
; USE_AHDL_IMPLEMENTATION                        ; OFF           ; Untyped             ;
+------------------------------------------------+---------------+---------------------+
Note: In order to hide this table in the UI and the text report file, please set the "Show Parameter Settings in Synthesis Report" option in "Analysis and Synthesis Settings -> More Settings" to "Off".


+--------------------------------------------------------------------------------------+
; Parameter Settings for Inferred Entity Instance: quadra:my_quadra|lpm_mult:Mult0     ;
+------------------------------------------------+---------------+---------------------+
; Parameter Name                                 ; Value         ; Type                ;
+------------------------------------------------+---------------+---------------------+
; AUTO_CARRY_CHAINS                              ; ON            ; AUTO_CARRY          ;
; IGNORE_CARRY_BUFFERS                           ; OFF           ; IGNORE_CARRY        ;
; AUTO_CASCADE_CHAINS                            ; ON            ; AUTO_CASCADE        ;
; IGNORE_CASCADE_BUFFERS                         ; OFF           ; IGNORE_CASCADE      ;
; LPM_WIDTHA                                     ; 18            ; Untyped             ;
; LPM_WIDTHB                                     ; 32            ; Untyped             ;
; LPM_WIDTHP                                     ; 50            ; Untyped             ;
; LPM_WIDTHR                                     ; 50            ; Untyped             ;
; LPM_WIDTHS                                     ; 1             ; Untyped             ;
; LPM_REPRESENTATION                             ; SIGNED        ; Untyped             ;
; LPM_PIPELINE                                   ; 0             ; Untyped             ;
; LATENCY                                        ; 0             ; Untyped             ;
; INPUT_A_IS_CONSTANT                            ; NO            ; Untyped             ;
; INPUT_B_IS_CONSTANT                            ; NO            ; Untyped             ;
; USE_EAB                                        ; OFF           ; Untyped             ;
; MAXIMIZE_SPEED                                 ; 5             ; Untyped             ;
; DEVICE_FAMILY                                  ; Cyclone 10 LP ; Untyped             ;
; CARRY_CHAIN                                    ; MANUAL        ; Untyped             ;
; APEX20K_TECHNOLOGY_MAPPER                      ; LUT           ; TECH_MAPPER_APEX20K ;
; DEDICATED_MULTIPLIER_CIRCUITRY                 ; AUTO          ; Untyped             ;
; DEDICATED_MULTIPLIER_MIN_INPUT_WIDTH_FOR_AUTO  ; 0             ; Untyped             ;
; DEDICATED_MULTIPLIER_MIN_OUTPUT_WIDTH_FOR_AUTO ; 0             ; Untyped             ;
; CBXI_PARAMETER                                 ; mult_s5t      ; Untyped             ;
; INPUT_A_FIXED_VALUE                            ; Bx            ; Untyped             ;
; INPUT_B_FIXED_VALUE                            ; Bx            ; Untyped             ;
; USE_AHDL_IMPLEMENTATION                        ; OFF           ; Untyped             ;
+------------------------------------------------+---------------+---------------------+
Note: In order to hide this table in the UI and the text report file, please set the "Show Parameter Settings in Synthesis Report" option in "Analysis and Synthesis Settings -> More Settings" to "Off".


+--------------------------------------------------------------------------------------------------+
; Parameter Settings for Inferred Entity Instance: quadra:my_quadra|square:square_1|lpm_mult:Mult0 ;
+------------------------------------------------+---------------+---------------------------------+
; Parameter Name                                 ; Value         ; Type                            ;
+------------------------------------------------+---------------+---------------------------------+
; AUTO_CARRY_CHAINS                              ; ON            ; AUTO_CARRY                      ;
; IGNORE_CARRY_BUFFERS                           ; OFF           ; IGNORE_CARRY                    ;
; AUTO_CASCADE_CHAINS                            ; ON            ; AUTO_CASCADE                    ;
; IGNORE_CASCADE_BUFFERS                         ; OFF           ; IGNORE_CASCADE                  ;
; LPM_WIDTHA                                     ; 17            ; Untyped                         ;
; LPM_WIDTHB                                     ; 17            ; Untyped                         ;
; LPM_WIDTHP                                     ; 34            ; Untyped                         ;
; LPM_WIDTHR                                     ; 34            ; Untyped                         ;
; LPM_WIDTHS                                     ; 1             ; Untyped                         ;
; LPM_REPRESENTATION                             ; UNSIGNED      ; Untyped                         ;
; LPM_PIPELINE                                   ; 0             ; Untyped                         ;
; LATENCY                                        ; 0             ; Untyped                         ;
; INPUT_A_IS_CONSTANT                            ; NO            ; Untyped                         ;
; INPUT_B_IS_CONSTANT                            ; NO            ; Untyped                         ;
; USE_EAB                                        ; OFF           ; Untyped                         ;
; MAXIMIZE_SPEED                                 ; 5             ; Untyped                         ;
; DEVICE_FAMILY                                  ; Cyclone 10 LP ; Untyped                         ;
; CARRY_CHAIN                                    ; MANUAL        ; Untyped                         ;
; APEX20K_TECHNOLOGY_MAPPER                      ; LUT           ; TECH_MAPPER_APEX20K             ;
; DEDICATED_MULTIPLIER_CIRCUITRY                 ; AUTO          ; Untyped                         ;
; DEDICATED_MULTIPLIER_MIN_INPUT_WIDTH_FOR_AUTO  ; 0             ; Untyped                         ;
; DEDICATED_MULTIPLIER_MIN_OUTPUT_WIDTH_FOR_AUTO ; 0             ; Untyped                         ;
; CBXI_PARAMETER                                 ; mult_3dt      ; Untyped                         ;
; INPUT_A_FIXED_VALUE                            ; Bx            ; Untyped                         ;
; INPUT_B_FIXED_VALUE                            ; Bx            ; Untyped                         ;
; USE_AHDL_IMPLEMENTATION                        ; OFF           ; Untyped                         ;
+------------------------------------------------+---------------+---------------------------------+
Note: In order to hide this table in the UI and the text report file, please set the "Show Parameter Settings in Synthesis Report" option in "Analysis and Synthesis Settings -> More Settings" to "Off".


+----------------------------------------------------------------------------------------------+
; altsyncram Parameter Settings by Entity Instance                                             ;
+-------------------------------------------+--------------------------------------------------+
; Name                                      ; Value                                            ;
+-------------------------------------------+--------------------------------------------------+
; Number of entity instances                ; 3                                                ;
; Entity Instance                           ; quadra:my_quadra|lut:lut_1|altsyncram:Ram0_rtl_0 ;
;     -- OPERATION_MODE                     ; ROM                                              ;
;     -- WIDTH_A                            ; 32                                               ;
;     -- NUMWORDS_A                         ; 128                                              ;
;     -- OUTDATA_REG_A                      ; UNREGISTERED                                     ;
;     -- WIDTH_B                            ; 1                                                ;
;     -- NUMWORDS_B                         ; 1                                                ;
;     -- ADDRESS_REG_B                      ; CLOCK1                                           ;
;     -- OUTDATA_REG_B                      ; UNREGISTERED                                     ;
;     -- RAM_BLOCK_TYPE                     ; AUTO                                             ;
;     -- READ_DURING_WRITE_MODE_MIXED_PORTS ; DONT_CARE                                        ;
; Entity Instance                           ; quadra:my_quadra|lut:lut_1|altsyncram:Ram1_rtl_0 ;
;     -- OPERATION_MODE                     ; ROM                                              ;
;     -- WIDTH_A                            ; 32                                               ;
;     -- NUMWORDS_A                         ; 128                                              ;
;     -- OUTDATA_REG_A                      ; UNREGISTERED                                     ;
;     -- WIDTH_B                            ; 1                                                ;
;     -- NUMWORDS_B                         ; 1                                                ;
;     -- ADDRESS_REG_B                      ; CLOCK1                                           ;
;     -- OUTDATA_REG_B                      ; UNREGISTERED                                     ;
;     -- RAM_BLOCK_TYPE                     ; AUTO                                             ;
;     -- READ_DURING_WRITE_MODE_MIXED_PORTS ; DONT_CARE                                        ;
; Entity Instance                           ; quadra:my_quadra|lut:lut_1|altsyncram:Ram2_rtl_0 ;
;     -- OPERATION_MODE                     ; ROM                                              ;
;     -- WIDTH_A                            ; 32                                               ;
;     -- NUMWORDS_A                         ; 128                                              ;
;     -- OUTDATA_REG_A                      ; UNREGISTERED                                     ;
;     -- WIDTH_B                            ; 1                                                ;
;     -- NUMWORDS_B                         ; 1                                                ;
;     -- ADDRESS_REG_B                      ; CLOCK1                                           ;
;     -- OUTDATA_REG_B                      ; UNREGISTERED                                     ;
;     -- RAM_BLOCK_TYPE                     ; AUTO                                             ;
;     -- READ_DURING_WRITE_MODE_MIXED_PORTS ; DONT_CARE                                        ;
+-------------------------------------------+--------------------------------------------------+


+-----------------------------------------------------------------------------------------+
; lpm_mult Parameter Settings by Entity Instance                                          ;
+---------------------------------------+-------------------------------------------------+
; Name                                  ; Value                                           ;
+---------------------------------------+-------------------------------------------------+
; Number of entity instances            ; 3                                               ;
; Entity Instance                       ; quadra:my_quadra|lpm_mult:Mult1                 ;
;     -- LPM_WIDTHA                     ; 13                                              ;
;     -- LPM_WIDTHB                     ; 32                                              ;
;     -- LPM_WIDTHP                     ; 45                                              ;
;     -- LPM_REPRESENTATION             ; SIGNED                                          ;
;     -- INPUT_A_IS_CONSTANT            ; NO                                              ;
;     -- INPUT_B_IS_CONSTANT            ; NO                                              ;
;     -- USE_EAB                        ; OFF                                             ;
;     -- DEDICATED_MULTIPLIER_CIRCUITRY ; AUTO                                            ;
;     -- INPUT_A_FIXED_VALUE            ; Bx                                              ;
;     -- INPUT_B_FIXED_VALUE            ; Bx                                              ;
; Entity Instance                       ; quadra:my_quadra|lpm_mult:Mult0                 ;
;     -- LPM_WIDTHA                     ; 18                                              ;
;     -- LPM_WIDTHB                     ; 32                                              ;
;     -- LPM_WIDTHP                     ; 50                                              ;
;     -- LPM_REPRESENTATION             ; SIGNED                                          ;
;     -- INPUT_A_IS_CONSTANT            ; NO                                              ;
;     -- INPUT_B_IS_CONSTANT            ; NO                                              ;
;     -- USE_EAB                        ; OFF                                             ;
;     -- DEDICATED_MULTIPLIER_CIRCUITRY ; AUTO                                            ;
;     -- INPUT_A_FIXED_VALUE            ; Bx                                              ;
;     -- INPUT_B_FIXED_VALUE            ; Bx                                              ;
; Entity Instance                       ; quadra:my_quadra|square:square_1|lpm_mult:Mult0 ;
;     -- LPM_WIDTHA                     ; 17                                              ;
;     -- LPM_WIDTHB                     ; 17                                              ;
;     -- LPM_WIDTHP                     ; 34                                              ;
;     -- LPM_REPRESENTATION             ; UNSIGNED                                        ;
;     -- INPUT_A_IS_CONSTANT            ; NO                                              ;
;     -- INPUT_B_IS_CONSTANT            ; NO                                              ;
;     -- USE_EAB                        ; OFF                                             ;
;     -- DEDICATED_MULTIPLIER_CIRCUITRY ; AUTO                                            ;
;     -- INPUT_A_FIXED_VALUE            ; Bx                                              ;
;     -- INPUT_B_FIXED_VALUE            ; Bx                                              ;
+---------------------------------------+-------------------------------------------------+


+----------------------------------------------------------------------------------------------------------------+
; Port Connectivity Checks: "quadra:my_quadra|lut:lut_1"                                                         ;
+------+--------+----------+-------------------------------------------------------------------------------------+
; Port ; Type   ; Severity ; Details                                                                             ;
+------+--------+----------+-------------------------------------------------------------------------------------+
; a[0] ; Output ; Info     ; Connected to dangling logic. Logic that only feeds a dangling port will be removed. ;
+------+--------+----------+-------------------------------------------------------------------------------------+


+-----------------------------------------------------+
; Post-Synthesis Netlist Statistics for Top Partition ;
+-----------------------+-----------------------------+
; Type                  ; Count                       ;
+-----------------------+-----------------------------+
; boundary_port         ; 53                          ;
; cycloneiii_ff         ; 130                         ;
;     plain             ; 130                         ;
; cycloneiii_lcell_comb ; 199                         ;
;     arith             ; 163                         ;
;         2 data inputs ; 75                          ;
;         3 data inputs ; 88                          ;
;     normal            ; 36                          ;
;         0 data inputs ; 1                           ;
;         1 data inputs ; 3                           ;
;         2 data inputs ; 31                          ;
;         4 data inputs ; 1                           ;
; cycloneiii_mac_mult   ; 5                           ;
; cycloneiii_mac_out    ; 5                           ;
; cycloneiii_ram_block  ; 93                          ;
;                       ;                             ;
; Max LUT depth         ; 7.50                        ;
; Average LUT depth     ; 2.58                        ;
+-----------------------+-----------------------------+


+-------------------------------+
; Elapsed Time Per Partition    ;
+----------------+--------------+
; Partition Name ; Elapsed Time ;
+----------------+--------------+
; Top            ; 00:00:01     ;
+----------------+--------------+


+-------------------------------+
; Analysis & Synthesis Messages ;
+-------------------------------+
Info: *******************************************************************
Info: Running Quartus Prime Analysis & Synthesis
    Info: Version 23.1std.0 Build 991 11/28/2023 SC Lite Edition
    Info: Processing started: Mon Apr  7 02:39:40 2025
Info: Command: quartus_map --read_settings_files=on --write_settings_files=off quadra_top -c quadra_top
Warning (18236): Number of processors has not been specified which may cause overloading on shared machines.  Set the global assignment NUM_PARALLEL_PROCESSORS in your QSF to an appropriate value for best performance.
Info (20030): Parallel compilation is enabled and will use 6 of the 6 processors detected
Info (12021): Found 1 design units, including 1 entities, in source file /home/mateusz/Documents/IntelIPVerification/rtl-model/lut.sv
    Info (12023): Found entity 1: lut File: /home/mateusz/Documents/IntelIPVerification/rtl-model/lut.sv Line: 3
Info (12021): Found 1 design units, including 1 entities, in source file /home/mateusz/Documents/IntelIPVerification/rtl-model/quadra.sv
    Info (12023): Found entity 1: quadra File: /home/mateusz/Documents/IntelIPVerification/rtl-model/quadra.sv Line: 7
Info (12021): Found 1 design units, including 1 entities, in source file /home/mateusz/Documents/IntelIPVerification/rtl-model/quadra_top.sv
    Info (12023): Found entity 1: quadra_top File: /home/mateusz/Documents/IntelIPVerification/rtl-model/quadra_top.sv Line: 3
Info (12021): Found 1 design units, including 1 entities, in source file /home/mateusz/Documents/IntelIPVerification/rtl-model/square.sv
    Info (12023): Found entity 1: square File: /home/mateusz/Documents/IntelIPVerification/rtl-model/square.sv Line: 3
Info (12021): Found 1 design units, including 1 entities, in source file /home/mateusz/Documents/IntelIPVerification/rtl-model/quadra_tb.v
    Info (12023): Found entity 1: quadra_tb File: /home/mateusz/Documents/IntelIPVerification/rtl-model/quadra_tb.v Line: 15
Info (12127): Elaborating entity "quadra_top" for the top level hierarchy
Info (12128): Elaborating entity "quadra" for hierarchy "quadra:my_quadra" File: /home/mateusz/Documents/IntelIPVerification/rtl-model/quadra_top.sv Line: 30
Warning (10230): Verilog HDL assignment warning at quadra.sv(59): truncated value with size 32 to match size of target (31) File: /home/mateusz/Documents/IntelIPVerification/rtl-model/quadra.sv Line: 59
Info (12128): Elaborating entity "lut" for hierarchy "quadra:my_quadra|lut:lut_1" File: /home/mateusz/Documents/IntelIPVerification/rtl-model/quadra.sv Line: 33
Info (12128): Elaborating entity "square" for hierarchy "quadra:my_quadra|square:square_1" File: /home/mateusz/Documents/IntelIPVerification/rtl-model/quadra.sv Line: 36
Info (19000): Inferred 3 megafunctions from design logic
    Info (276029): Inferred altsyncram megafunction from the following design logic: "quadra:my_quadra|lut:lut_1|Ram0_rtl_0" 
        Info (286033): Parameter OPERATION_MODE set to ROM
        Info (286033): Parameter WIDTH_A set to 32
        Info (286033): Parameter WIDTHAD_A set to 7
        Info (286033): Parameter NUMWORDS_A set to 128
        Info (286033): Parameter OUTDATA_REG_A set to UNREGISTERED
        Info (286033): Parameter ADDRESS_ACLR_A set to NONE
        Info (286033): Parameter OUTDATA_ACLR_A set to NONE
        Info (286033): Parameter INDATA_ACLR_A set to NONE
        Info (286033): Parameter WRCONTROL_ACLR_A set to NONE
        Info (286033): Parameter INIT_FILE set to db/quadra_top.rom0_lut_1ddef.hdl.mif
    Info (276029): Inferred altsyncram megafunction from the following design logic: "quadra:my_quadra|lut:lut_1|Ram1_rtl_0" 
        Info (286033): Parameter OPERATION_MODE set to ROM
        Info (286033): Parameter WIDTH_A set to 32
        Info (286033): Parameter WIDTHAD_A set to 7
        Info (286033): Parameter NUMWORDS_A set to 128
        Info (286033): Parameter OUTDATA_REG_A set to UNREGISTERED
        Info (286033): Parameter ADDRESS_ACLR_A set to NONE
        Info (286033): Parameter OUTDATA_ACLR_A set to NONE
        Info (286033): Parameter INDATA_ACLR_A set to NONE
        Info (286033): Parameter WRCONTROL_ACLR_A set to NONE
        Info (286033): Parameter INIT_FILE set to db/quadra_top.rom1_lut_1ddef.hdl.mif
    Info (276029): Inferred altsyncram megafunction from the following design logic: "quadra:my_quadra|lut:lut_1|Ram2_rtl_0" 
        Info (286033): Parameter OPERATION_MODE set to ROM
        Info (286033): Parameter WIDTH_A set to 32
        Info (286033): Parameter WIDTHAD_A set to 7
        Info (286033): Parameter NUMWORDS_A set to 128
        Info (286033): Parameter OUTDATA_REG_A set to UNREGISTERED
        Info (286033): Parameter ADDRESS_ACLR_A set to NONE
        Info (286033): Parameter OUTDATA_ACLR_A set to NONE
        Info (286033): Parameter INDATA_ACLR_A set to NONE
        Info (286033): Parameter WRCONTROL_ACLR_A set to NONE
        Info (286033): Parameter INIT_FILE set to db/quadra_top.rom2_lut_1ddef.hdl.mif
Info (278001): Inferred 3 megafunctions from design logic
    Info (278003): Inferred multiplier megafunction ("lpm_mult") from the following logic: "quadra:my_quadra|Mult1" File: /home/mateusz/Documents/IntelIPVerification/rtl-model/quadra.sv Line: 69
    Info (278003): Inferred multiplier megafunction ("lpm_mult") from the following logic: "quadra:my_quadra|Mult0" File: /home/mateusz/Documents/IntelIPVerification/rtl-model/quadra.sv Line: 68
    Info (278003): Inferred multiplier megafunction ("lpm_mult") from the following logic: "quadra:my_quadra|square:square_1|Mult0" File: /home/mateusz/Documents/IntelIPVerification/rtl-model/square.sv Line: 11
Info (12130): Elaborated megafunction instantiation "quadra:my_quadra|lut:lut_1|altsyncram:Ram0_rtl_0"
Info (12133): Instantiated megafunction "quadra:my_quadra|lut:lut_1|altsyncram:Ram0_rtl_0" with the following parameter:
    Info (12134): Parameter "OPERATION_MODE" = "ROM"
    Info (12134): Parameter "WIDTH_A" = "32"
    Info (12134): Parameter "WIDTHAD_A" = "7"
    Info (12134): Parameter "NUMWORDS_A" = "128"
    Info (12134): Parameter "OUTDATA_REG_A" = "UNREGISTERED"
    Info (12134): Parameter "ADDRESS_ACLR_A" = "NONE"
    Info (12134): Parameter "OUTDATA_ACLR_A" = "NONE"
    Info (12134): Parameter "INDATA_ACLR_A" = "NONE"
    Info (12134): Parameter "WRCONTROL_ACLR_A" = "NONE"
    Info (12134): Parameter "INIT_FILE" = "db/quadra_top.rom0_lut_1ddef.hdl.mif"
Info (12021): Found 1 design units, including 1 entities, in source file db/altsyncram_0q61.tdf
    Info (12023): Found entity 1: altsyncram_0q61 File: /home/mateusz/Documents/IntelIPVerification/quartus_opt/db/altsyncram_0q61.tdf Line: 28
Info (12130): Elaborated megafunction instantiation "quadra:my_quadra|lut:lut_1|altsyncram:Ram1_rtl_0"
Info (12133): Instantiated megafunction "quadra:my_quadra|lut:lut_1|altsyncram:Ram1_rtl_0" with the following parameter:
    Info (12134): Parameter "OPERATION_MODE" = "ROM"
    Info (12134): Parameter "WIDTH_A" = "32"
    Info (12134): Parameter "WIDTHAD_A" = "7"
    Info (12134): Parameter "NUMWORDS_A" = "128"
    Info (12134): Parameter "OUTDATA_REG_A" = "UNREGISTERED"
    Info (12134): Parameter "ADDRESS_ACLR_A" = "NONE"
    Info (12134): Parameter "OUTDATA_ACLR_A" = "NONE"
    Info (12134): Parameter "INDATA_ACLR_A" = "NONE"
    Info (12134): Parameter "WRCONTROL_ACLR_A" = "NONE"
    Info (12134): Parameter "INIT_FILE" = "db/quadra_top.rom1_lut_1ddef.hdl.mif"
Info (12021): Found 1 design units, including 1 entities, in source file db/altsyncram_1q61.tdf
    Info (12023): Found entity 1: altsyncram_1q61 File: /home/mateusz/Documents/IntelIPVerification/quartus_opt/db/altsyncram_1q61.tdf Line: 28
Info (12130): Elaborated megafunction instantiation "quadra:my_quadra|lut:lut_1|altsyncram:Ram2_rtl_0"
Info (12133): Instantiated megafunction "quadra:my_quadra|lut:lut_1|altsyncram:Ram2_rtl_0" with the following parameter:
    Info (12134): Parameter "OPERATION_MODE" = "ROM"
    Info (12134): Parameter "WIDTH_A" = "32"
    Info (12134): Parameter "WIDTHAD_A" = "7"
    Info (12134): Parameter "NUMWORDS_A" = "128"
    Info (12134): Parameter "OUTDATA_REG_A" = "UNREGISTERED"
    Info (12134): Parameter "ADDRESS_ACLR_A" = "NONE"
    Info (12134): Parameter "OUTDATA_ACLR_A" = "NONE"
    Info (12134): Parameter "INDATA_ACLR_A" = "NONE"
    Info (12134): Parameter "WRCONTROL_ACLR_A" = "NONE"
    Info (12134): Parameter "INIT_FILE" = "db/quadra_top.rom2_lut_1ddef.hdl.mif"
Info (12021): Found 1 design units, including 1 entities, in source file db/altsyncram_2q61.tdf
    Info (12023): Found entity 1: altsyncram_2q61 File: /home/mateusz/Documents/IntelIPVerification/quartus_opt/db/altsyncram_2q61.tdf Line: 28
Info (12130): Elaborated megafunction instantiation "quadra:my_quadra|lpm_mult:Mult1" File: /home/mateusz/Documents/IntelIPVerification/rtl-model/quadra.sv Line: 69
Info (12133): Instantiated megafunction "quadra:my_quadra|lpm_mult:Mult1" with the following parameter: File: /home/mateusz/Documents/IntelIPVerification/rtl-model/quadra.sv Line: 69
    Info (12134): Parameter "LPM_WIDTHA" = "13"
    Info (12134): Parameter "LPM_WIDTHB" = "32"
    Info (12134): Parameter "LPM_WIDTHP" = "45"
    Info (12134): Parameter "LPM_WIDTHR" = "45"
    Info (12134): Parameter "LPM_WIDTHS" = "1"
    Info (12134): Parameter "LPM_REPRESENTATION" = "SIGNED"
    Info (12134): Parameter "INPUT_A_IS_CONSTANT" = "NO"
    Info (12134): Parameter "INPUT_B_IS_CONSTANT" = "NO"
    Info (12134): Parameter "MAXIMIZE_SPEED" = "5"
Info (12021): Found 1 design units, including 1 entities, in source file db/mult_r5t.tdf
    Info (12023): Found entity 1: mult_r5t File: /home/mateusz/Documents/IntelIPVerification/quartus_opt/db/mult_r5t.tdf Line: 31
Info (12130): Elaborated megafunction instantiation "quadra:my_quadra|lpm_mult:Mult0" File: /home/mateusz/Documents/IntelIPVerification/rtl-model/quadra.sv Line: 68
Info (12133): Instantiated megafunction "quadra:my_quadra|lpm_mult:Mult0" with the following parameter: File: /home/mateusz/Documents/IntelIPVerification/rtl-model/quadra.sv Line: 68
    Info (12134): Parameter "LPM_WIDTHA" = "18"
    Info (12134): Parameter "LPM_WIDTHB" = "32"
    Info (12134): Parameter "LPM_WIDTHP" = "50"
    Info (12134): Parameter "LPM_WIDTHR" = "50"
    Info (12134): Parameter "LPM_WIDTHS" = "1"
    Info (12134): Parameter "LPM_REPRESENTATION" = "SIGNED"
    Info (12134): Parameter "INPUT_A_IS_CONSTANT" = "NO"
    Info (12134): Parameter "INPUT_B_IS_CONSTANT" = "NO"
    Info (12134): Parameter "MAXIMIZE_SPEED" = "5"
Info (12021): Found 1 design units, including 1 entities, in source file db/mult_s5t.tdf
    Info (12023): Found entity 1: mult_s5t File: /home/mateusz/Documents/IntelIPVerification/quartus_opt/db/mult_s5t.tdf Line: 31
Info (12130): Elaborated megafunction instantiation "quadra:my_quadra|square:square_1|lpm_mult:Mult0" File: /home/mateusz/Documents/IntelIPVerification/rtl-model/square.sv Line: 11
Info (12133): Instantiated megafunction "quadra:my_quadra|square:square_1|lpm_mult:Mult0" with the following parameter: File: /home/mateusz/Documents/IntelIPVerification/rtl-model/square.sv Line: 11
    Info (12134): Parameter "LPM_WIDTHA" = "17"
    Info (12134): Parameter "LPM_WIDTHB" = "17"
    Info (12134): Parameter "LPM_WIDTHP" = "34"
    Info (12134): Parameter "LPM_WIDTHR" = "34"
    Info (12134): Parameter "LPM_WIDTHS" = "1"
    Info (12134): Parameter "LPM_REPRESENTATION" = "UNSIGNED"
    Info (12134): Parameter "INPUT_A_IS_CONSTANT" = "NO"
    Info (12134): Parameter "INPUT_B_IS_CONSTANT" = "NO"
    Info (12134): Parameter "MAXIMIZE_SPEED" = "5"
Info (12021): Found 1 design units, including 1 entities, in source file db/mult_3dt.tdf
    Info (12023): Found entity 1: mult_3dt File: /home/mateusz/Documents/IntelIPVerification/quartus_opt/db/mult_3dt.tdf Line: 29
Warning (14284): Synthesized away the following node(s):
    Warning (14285): Synthesized away the following RAM node(s):
        Warning (14320): Synthesized away node "quadra:my_quadra|lut:lut_1|altsyncram:Ram0_rtl_0|altsyncram_0q61:auto_generated|ram_block1a0" File: /home/mateusz/Documents/IntelIPVerification/quartus_opt/db/altsyncram_0q61.tdf Line: 35
        Warning (14320): Synthesized away node "quadra:my_quadra|lut:lut_1|altsyncram:Ram0_rtl_0|altsyncram_0q61:auto_generated|ram_block1a30" File: /home/mateusz/Documents/IntelIPVerification/quartus_opt/db/altsyncram_0q61.tdf Line: 665
        Warning (14320): Synthesized away node "quadra:my_quadra|lut:lut_1|altsyncram:Ram0_rtl_0|altsyncram_0q61:auto_generated|ram_block1a31" File: /home/mateusz/Documents/IntelIPVerification/quartus_opt/db/altsyncram_0q61.tdf Line: 686
Info (13014): Ignored 147 buffer(s)
    Info (13019): Ignored 147 SOFT buffer(s)
Info (286030): Timing-Driven Synthesis is running
Info (17049): 8 registers lost all their fanouts during netlist optimizations.
Info (16010): Generating hard_block partition "hard_block:auto_generated_inst"
    Info (16011): Adding 0 node(s), including 0 DDIO, 0 PLL, 0 transceiver and 0 LCELL
Info (21057): Implemented 413 device resources after synthesis - the final resource count might be different
    Info (21058): Implemented 27 input pins
    Info (21059): Implemented 26 output pins
    Info (21061): Implemented 257 logic cells
    Info (21064): Implemented 93 RAM segments
    Info (21062): Implemented 10 DSP elements
Info: Quartus Prime Analysis & Synthesis was successful. 0 errors, 7 warnings
    Info: Peak virtual memory: 422 megabytes
    Info: Processing ended: Mon Apr  7 02:39:46 2025
    Info: Elapsed time: 00:00:06
    Info: Total CPU time (on all processors): 00:00:12


